C:\USERS\ADMINISTRATOR\DESKTOP\MONITORINGSYSTEM(物体操作シーン解析)\MONITORINGSYSTEM\RELEASE\MONITORINGSYSTEM.PCH
C:\USERS\ADMINISTRATOR\DESKTOP\MONITORINGSYSTEM(物体操作シーン解析)\MONITORINGSYSTEM\RELEASE\STDAFX.OBJ
C:\USERS\ADMINISTRATOR\DESKTOP\MONITORINGSYSTEM(物体操作シーン解析)\MONITORINGSYSTEM\RELEASE\VC100.PDB
C:\USERS\ADMINISTRATOR\DESKTOP\MONITORINGSYSTEM(物体操作シーン解析)\MONITORINGSYSTEM\RELEASE\NETWORK.OBJ
C:\USERS\ADMINISTRATOR\DESKTOP\MONITORINGSYSTEM(物体操作シーン解析)\MONITORINGSYSTEM\RELEASE\MONITORINGSYSTEMDLG.OBJ
C:\USERS\ADMINISTRATOR\DESKTOP\MONITORINGSYSTEM(物体操作シーン解析)\MONITORINGSYSTEM\RELEASE\MONITORINGSYSTEM.OBJ
C:\USERS\ADMINISTRATOR\DESKTOP\MONITORINGSYSTEM(物体操作シーン解析)\MONITORINGSYSTEM\RELEASE\MANDATA.OBJ
C:\USERS\ADMINISTRATOR\DESKTOP\MONITORINGSYSTEM(物体操作シーン解析)\MONITORINGSYSTEM\RELEASE\LAYER.OBJ
C:\USERS\ADMINISTRATOR\DESKTOP\MONITORINGSYSTEM(物体操作シーン解析)\MONITORINGSYSTEM\RELEASE\LABEL.OBJ
C:\USERS\ADMINISTRATOR\DESKTOP\MONITORINGSYSTEM(物体操作シーン解析)\MONITORINGSYSTEM\RELEASE\JPEGDECODER.OBJ
C:\USERS\ADMINISTRATOR\DESKTOP\MONITORINGSYSTEM(物体操作シーン解析)\MONITORINGSYSTEM\RELEASE\INBITSTREAM.OBJ
C:\USERS\ADMINISTRATOR\DESKTOP\MONITORINGSYSTEM(物体操作シーン解析)\MONITORINGSYSTEM\RELEASE\IMAGEEDIT.OBJ
C:\USERS\ADMINISTRATOR\DESKTOP\MONITORINGSYSTEM(物体操作シーン解析)\MONITORINGSYSTEM\RELEASE\HUMANSEARCH.OBJ
C:\USERS\ADMINISTRATOR\DESKTOP\MONITORINGSYSTEM(物体操作シーン解析)\MONITORINGSYSTEM\RELEASE\HUMANPROCESS.OBJ
C:\USERS\ADMINISTRATOR\DESKTOP\MONITORINGSYSTEM(物体操作シーン解析)\MONITORINGSYSTEM\RELEASE\GEOMETORY.OBJ
C:\USERS\ADMINISTRATOR\DESKTOP\MONITORINGSYSTEM(物体操作シーン解析)\MONITORINGSYSTEM\RELEASE\FORKED_STREAM.OBJ
C:\USERS\ADMINISTRATOR\DESKTOP\MONITORINGSYSTEM(物体操作シーン解析)\MONITORINGSYSTEM\RELEASE\FILEOPERATOR.OBJ
C:\USERS\ADMINISTRATOR\DESKTOP\MONITORINGSYSTEM(物体操作シーン解析)\MONITORINGSYSTEM\RELEASE\EVENTSEARCH.OBJ
C:\USERS\ADMINISTRATOR\DESKTOP\MONITORINGSYSTEM(物体操作シーン解析)\MONITORINGSYSTEM\RELEASE\DATE.OBJ
C:\USERS\ADMINISTRATOR\DESKTOP\MONITORINGSYSTEM(物体操作シーン解析)\MONITORINGSYSTEM\RELEASE\CONNECTION.OBJ
C:\USERS\ADMINISTRATOR\DESKTOP\MONITORINGSYSTEM(物体操作シーン解析)\MONITORINGSYSTEM\RELEASE\COMMUNICATION.OBJ
C:\USERS\ADMINISTRATOR\DESKTOP\MONITORINGSYSTEM(物体操作シーン解析)\MONITORINGSYSTEM\RELEASE\BMP.OBJ
C:\USERS\ADMINISTRATOR\DESKTOP\MONITORINGSYSTEM(物体操作シーン解析)\MONITORINGSYSTEM\RELEASE\BASE64.OBJ
C:\USERS\ADMINISTRATOR\DESKTOP\MONITORINGSYSTEM(物体操作シーン解析)\MONITORINGSYSTEM\RELEASE\UTIL.OBJ
C:\USERS\ADMINISTRATOR\DESKTOP\MONITORINGSYSTEM(物体操作シーン解析)\MONITORINGSYSTEM\RELEASE\SURF.OBJ
C:\USERS\ADMINISTRATOR\DESKTOP\MONITORINGSYSTEM(物体操作シーン解析)\MONITORINGSYSTEM\RELEASE\SENSOR.OBJ
C:\USERS\ADMINISTRATOR\DESKTOP\MONITORINGSYSTEM(物体操作シーン解析)\MONITORINGSYSTEM\RELEASE\RECORD.OBJ
C:\USERS\ADMINISTRATOR\DESKTOP\MONITORINGSYSTEM(物体操作シーン解析)\MONITORINGSYSTEM\RELEASE\PAIR.OBJ
C:\USERS\ADMINISTRATOR\DESKTOP\MONITORINGSYSTEM(物体操作シーン解析)\MONITORINGSYSTEM\RELEASE\OBJECTSEARCH.OBJ
C:\USERS\ADMINISTRATOR\DESKTOP\MONITORINGSYSTEM(物体操作シーン解析)\MONITORINGSYSTEM\RELEASE\OBJECTINFO.OBJ
C:\USERS\ADMINISTRATOR\DESKTOP\MONITORINGSYSTEM(物体操作シーン解析)\MONITORINGSYSTEM\RELEASE\NETWORKCAMERA.OBJ
C:\USERS\ADMINISTRATOR\DESKTOP\MONITORINGSYSTEM(物体操作シーン解析)\RELEASE\MONITORINGSYSTEM.EXE
C:\USERS\ADMINISTRATOR\DESKTOP\MONITORINGSYSTEM(物体操作シーン解析)\MONITORINGSYSTEM\RELEASE\MONITORINGSYSTEM.EXE.INTERMEDIATE.MANIFEST
C:\USERS\ADMINISTRATOR\DESKTOP\MONITORINGSYSTEM(物体操作シーン解析)\RELEASE\MONITORINGSYSTEM.PDB
C:\USERS\ADMINISTRATOR\DESKTOP\MONITORINGSYSTEM(物体操作シーン解析)\MONITORINGSYSTEM\RELEASE\MONITORINGSYSTEM.RES
C:\Users\administrator\Desktop\MonitoringSystem(物体操作シーン解析)\MonitoringSystem\Release\MonitoringSystem.vcxproj.GenerateResource.Cache
C:\Users\administrator\Desktop\MonitoringSystem(物体操作シーン解析)\MonitoringSystem\Release\MonitoringSystem.vcxprojResolveAssemblyReference.cache
C:\Users\administrator\Desktop\MonitoringSystem(物体操作シーン解析)\MonitoringSystem\Release\base64.obj
C:\Users\administrator\Desktop\MonitoringSystem(物体操作シーン解析)\MonitoringSystem\Release\bmp.obj
C:\Users\administrator\Desktop\MonitoringSystem(物体操作シーン解析)\MonitoringSystem\Release\communication.obj
C:\Users\administrator\Desktop\MonitoringSystem(物体操作シーン解析)\MonitoringSystem\Release\Connection.obj
C:\Users\administrator\Desktop\MonitoringSystem(物体操作シーン解析)\MonitoringSystem\Release\date.obj
C:\Users\administrator\Desktop\MonitoringSystem(物体操作シーン解析)\MonitoringSystem\Release\EventSearch.obj
C:\Users\administrator\Desktop\MonitoringSystem(物体操作シーン解析)\MonitoringSystem\Release\FileOperator.obj
C:\Users\administrator\Desktop\MonitoringSystem(物体操作シーン解析)\MonitoringSystem\Release\forked_stream.obj
C:\Users\administrator\Desktop\MonitoringSystem(物体操作シーン解析)\MonitoringSystem\Release\geometory.obj
C:\Users\administrator\Desktop\MonitoringSystem(物体操作シーン解析)\MonitoringSystem\Release\HumanProcess.obj
C:\Users\administrator\Desktop\MonitoringSystem(物体操作シーン解析)\MonitoringSystem\Release\Humansearch.obj
C:\Users\administrator\Desktop\MonitoringSystem(物体操作シーン解析)\MonitoringSystem\Release\imageEdit.obj
C:\Users\administrator\Desktop\MonitoringSystem(物体操作シーン解析)\MonitoringSystem\Release\InBitStream.obj
C:\Users\administrator\Desktop\MonitoringSystem(物体操作シーン解析)\MonitoringSystem\Release\JpegDecoder.obj
C:\Users\administrator\Desktop\MonitoringSystem(物体操作シーン解析)\MonitoringSystem\Release\label.obj
C:\Users\administrator\Desktop\MonitoringSystem(物体操作シーン解析)\MonitoringSystem\Release\layer.obj
C:\Users\administrator\Desktop\MonitoringSystem(物体操作シーン解析)\MonitoringSystem\Release\ManData.obj
C:\Users\administrator\Desktop\MonitoringSystem(物体操作シーン解析)\MonitoringSystem\Release\MonitoringSystem.obj
C:\Users\administrator\Desktop\MonitoringSystem(物体操作シーン解析)\MonitoringSystem\Release\MonitoringSystemDlg.obj
C:\Users\administrator\Desktop\MonitoringSystem(物体操作シーン解析)\MonitoringSystem\Release\network.obj
C:\Users\administrator\Desktop\MonitoringSystem(物体操作シーン解析)\MonitoringSystem\Release\NetworkCamera.obj
C:\Users\administrator\Desktop\MonitoringSystem(物体操作シーン解析)\MonitoringSystem\Release\objectInfo.obj
C:\Users\administrator\Desktop\MonitoringSystem(物体操作シーン解析)\MonitoringSystem\Release\ObjectSearch.obj
C:\Users\administrator\Desktop\MonitoringSystem(物体操作シーン解析)\MonitoringSystem\Release\Pair.obj
C:\Users\administrator\Desktop\MonitoringSystem(物体操作シーン解析)\MonitoringSystem\Release\record.obj
C:\Users\administrator\Desktop\MonitoringSystem(物体操作シーン解析)\MonitoringSystem\Release\sensor.obj
C:\Users\administrator\Desktop\MonitoringSystem(物体操作シーン解析)\MonitoringSystem\Release\stdafx.obj
C:\Users\administrator\Desktop\MonitoringSystem(物体操作シーン解析)\MonitoringSystem\Release\Surf.obj
C:\Users\administrator\Desktop\MonitoringSystem(物体操作シーン解析)\MonitoringSystem\Release\Util.obj
C:\Users\administrator\Desktop\MonitoringSystem(物体操作シーン解析)\MonitoringSystem\Release\MonitoringSystem.Resource.resources
C:\Users\administrator\Desktop\MonitoringSystem(物体操作シーン解析)\MonitoringSystem\Release\cl.command.1.tlog
C:\Users\administrator\Desktop\MonitoringSystem(物体操作シーン解析)\MonitoringSystem\Release\CL.read.1.tlog
C:\Users\administrator\Desktop\MonitoringSystem(物体操作シーン解析)\MonitoringSystem\Release\CL.write.1.tlog
C:\Users\administrator\Desktop\MonitoringSystem(物体操作シーン解析)\MonitoringSystem\Release\link-cvtres.read.1.tlog
C:\Users\administrator\Desktop\MonitoringSystem(物体操作シーン解析)\MonitoringSystem\Release\link-cvtres.write.1.tlog
C:\Users\administrator\Desktop\MonitoringSystem(物体操作シーン解析)\MonitoringSystem\Release\link.command.1.tlog
C:\Users\administrator\Desktop\MonitoringSystem(物体操作シーン解析)\MonitoringSystem\Release\link.read.1.tlog
C:\Users\administrator\Desktop\MonitoringSystem(物体操作シーン解析)\MonitoringSystem\Release\link.write.1.tlog
C:\Users\administrator\Desktop\MonitoringSystem(物体操作シーン解析)\MonitoringSystem\Release\MonitoringSystem.write.1.tlog
C:\Users\administrator\Desktop\MonitoringSystem(物体操作シーン解析)\MonitoringSystem\Release\mt.command.1.tlog
C:\Users\administrator\Desktop\MonitoringSystem(物体操作シーン解析)\MonitoringSystem\Release\mt.read.1.tlog
C:\Users\administrator\Desktop\MonitoringSystem(物体操作シーン解析)\MonitoringSystem\Release\mt.write.1.tlog
C:\Users\administrator\Desktop\MonitoringSystem(物体操作シーン解析)\MonitoringSystem\Release\rc.command.1.tlog
C:\Users\administrator\Desktop\MonitoringSystem(物体操作シーン解析)\MonitoringSystem\Release\rc.read.1.tlog
C:\Users\administrator\Desktop\MonitoringSystem(物体操作シーン解析)\MonitoringSystem\Release\rc.write.1.tlog
C:\Users\administrator\Desktop\MonitoringSystem(物体操作シーン解析)\MonitoringSystem\Release\MonitoringSystem.exe.intermediate.manifest
C:\Users\administrator\Desktop\MonitoringSystem(物体操作シーン解析)\MonitoringSystem\Release\MonitoringSystem.res
C:\Users\administrator\Desktop\MonitoringSystem(物体操作シーン解析)\MonitoringSystem\Release\MonitoringSystem.pch
C:\Users\administrator\Desktop\MonitoringSystem(物体操作シーン解析)\MonitoringSystem\Release\vc100.pdb
C:\Users\administrator\Desktop\MonitoringSystem(物体操作シーン解析)\Release\MonitoringSystem.pdb
C:\Users\administrator\Desktop\MonitoringSystem(物体操作シーン解析)\Release\MonitoringSystem.exe
