C:\USERS\ADMINISTRATOR\DESKTOP\AUTOPOSETRIMING\POSEESTIMATOR\X64\DEBUG\MAIN.OBJ
C:\USERS\ADMINISTRATOR\DESKTOP\AUTOPOSETRIMING\POSEESTIMATOR\X64\DEBUG\VC110.PDB
C:\USERS\ADMINISTRATOR\DESKTOP\AUTOPOSETRIMING\X64\DEBUG\POSEESTIMATOR.ILK
C:\USERS\ADMINISTRATOR\DESKTOP\AUTOPOSETRIMING\X64\DEBUG\POSEESTIMATOR.EXE
C:\USERS\ADMINISTRATOR\DESKTOP\AUTOPOSETRIMING\X64\DEBUG\POSEESTIMATOR.PDB
C:\Users\administrator\Desktop\AutoPoseTriming\PoseEstimator\x64\Debug\main.obj
C:\Users\administrator\Desktop\AutoPoseTriming\PoseEstimator\x64\Debug\cl.command.1.tlog
C:\Users\administrator\Desktop\AutoPoseTriming\PoseEstimator\x64\Debug\CL.read.1.tlog
C:\Users\administrator\Desktop\AutoPoseTriming\PoseEstimator\x64\Debug\CL.write.1.tlog
C:\Users\administrator\Desktop\AutoPoseTriming\PoseEstimator\x64\Debug\link-cvtres.read.1.tlog
C:\Users\administrator\Desktop\AutoPoseTriming\PoseEstimator\x64\Debug\link-cvtres.write.1.tlog
C:\Users\administrator\Desktop\AutoPoseTriming\PoseEstimator\x64\Debug\link-rc.read.1.tlog
C:\Users\administrator\Desktop\AutoPoseTriming\PoseEstimator\x64\Debug\link-rc.write.1.tlog
C:\Users\administrator\Desktop\AutoPoseTriming\PoseEstimator\x64\Debug\link.10156-cvtres.read.1.tlog
C:\Users\administrator\Desktop\AutoPoseTriming\PoseEstimator\x64\Debug\link.10156-cvtres.write.1.tlog
C:\Users\administrator\Desktop\AutoPoseTriming\PoseEstimator\x64\Debug\link.10156-rc.read.1.tlog
C:\Users\administrator\Desktop\AutoPoseTriming\PoseEstimator\x64\Debug\link.10156-rc.write.1.tlog
C:\Users\administrator\Desktop\AutoPoseTriming\PoseEstimator\x64\Debug\link.10156.read.1.tlog
C:\Users\administrator\Desktop\AutoPoseTriming\PoseEstimator\x64\Debug\link.10156.write.1.tlog
C:\Users\administrator\Desktop\AutoPoseTriming\PoseEstimator\x64\Debug\link.10844-cvtres.read.1.tlog
C:\Users\administrator\Desktop\AutoPoseTriming\PoseEstimator\x64\Debug\link.10844-cvtres.write.1.tlog
C:\Users\administrator\Desktop\AutoPoseTriming\PoseEstimator\x64\Debug\link.10844-rc.read.1.tlog
C:\Users\administrator\Desktop\AutoPoseTriming\PoseEstimator\x64\Debug\link.10844-rc.write.1.tlog
C:\Users\administrator\Desktop\AutoPoseTriming\PoseEstimator\x64\Debug\link.10844.read.1.tlog
C:\Users\administrator\Desktop\AutoPoseTriming\PoseEstimator\x64\Debug\link.10844.write.1.tlog
C:\Users\administrator\Desktop\AutoPoseTriming\PoseEstimator\x64\Debug\link.11148-cvtres.read.1.tlog
C:\Users\administrator\Desktop\AutoPoseTriming\PoseEstimator\x64\Debug\link.11148-cvtres.write.1.tlog
C:\Users\administrator\Desktop\AutoPoseTriming\PoseEstimator\x64\Debug\link.11148-rc.read.1.tlog
C:\Users\administrator\Desktop\AutoPoseTriming\PoseEstimator\x64\Debug\link.11148-rc.write.1.tlog
C:\Users\administrator\Desktop\AutoPoseTriming\PoseEstimator\x64\Debug\link.11148.read.1.tlog
C:\Users\administrator\Desktop\AutoPoseTriming\PoseEstimator\x64\Debug\link.11148.write.1.tlog
C:\Users\administrator\Desktop\AutoPoseTriming\PoseEstimator\x64\Debug\link.1176-cvtres.read.1.tlog
C:\Users\administrator\Desktop\AutoPoseTriming\PoseEstimator\x64\Debug\link.1176-cvtres.write.1.tlog
C:\Users\administrator\Desktop\AutoPoseTriming\PoseEstimator\x64\Debug\link.1176-rc.read.1.tlog
C:\Users\administrator\Desktop\AutoPoseTriming\PoseEstimator\x64\Debug\link.1176-rc.write.1.tlog
C:\Users\administrator\Desktop\AutoPoseTriming\PoseEstimator\x64\Debug\link.1176.read.1.tlog
C:\Users\administrator\Desktop\AutoPoseTriming\PoseEstimator\x64\Debug\link.1176.write.1.tlog
C:\Users\administrator\Desktop\AutoPoseTriming\PoseEstimator\x64\Debug\link.13024-cvtres.read.1.tlog
C:\Users\administrator\Desktop\AutoPoseTriming\PoseEstimator\x64\Debug\link.13024-cvtres.write.1.tlog
C:\Users\administrator\Desktop\AutoPoseTriming\PoseEstimator\x64\Debug\link.13024-rc.read.1.tlog
C:\Users\administrator\Desktop\AutoPoseTriming\PoseEstimator\x64\Debug\link.13024-rc.write.1.tlog
C:\Users\administrator\Desktop\AutoPoseTriming\PoseEstimator\x64\Debug\link.13024.read.1.tlog
C:\Users\administrator\Desktop\AutoPoseTriming\PoseEstimator\x64\Debug\link.13024.write.1.tlog
C:\Users\administrator\Desktop\AutoPoseTriming\PoseEstimator\x64\Debug\link.13516-cvtres.read.1.tlog
C:\Users\administrator\Desktop\AutoPoseTriming\PoseEstimator\x64\Debug\link.13516-cvtres.write.1.tlog
C:\Users\administrator\Desktop\AutoPoseTriming\PoseEstimator\x64\Debug\link.13516-rc.read.1.tlog
C:\Users\administrator\Desktop\AutoPoseTriming\PoseEstimator\x64\Debug\link.13516-rc.write.1.tlog
C:\Users\administrator\Desktop\AutoPoseTriming\PoseEstimator\x64\Debug\link.13516.read.1.tlog
C:\Users\administrator\Desktop\AutoPoseTriming\PoseEstimator\x64\Debug\link.13516.write.1.tlog
C:\Users\administrator\Desktop\AutoPoseTriming\PoseEstimator\x64\Debug\link.13564-cvtres.read.1.tlog
C:\Users\administrator\Desktop\AutoPoseTriming\PoseEstimator\x64\Debug\link.13564-cvtres.write.1.tlog
C:\Users\administrator\Desktop\AutoPoseTriming\PoseEstimator\x64\Debug\link.13564-rc.read.1.tlog
C:\Users\administrator\Desktop\AutoPoseTriming\PoseEstimator\x64\Debug\link.13564-rc.write.1.tlog
C:\Users\administrator\Desktop\AutoPoseTriming\PoseEstimator\x64\Debug\link.13564.read.1.tlog
C:\Users\administrator\Desktop\AutoPoseTriming\PoseEstimator\x64\Debug\link.13564.write.1.tlog
C:\Users\administrator\Desktop\AutoPoseTriming\PoseEstimator\x64\Debug\link.13964-cvtres.read.1.tlog
C:\Users\administrator\Desktop\AutoPoseTriming\PoseEstimator\x64\Debug\link.13964-cvtres.write.1.tlog
C:\Users\administrator\Desktop\AutoPoseTriming\PoseEstimator\x64\Debug\link.13964-rc.read.1.tlog
C:\Users\administrator\Desktop\AutoPoseTriming\PoseEstimator\x64\Debug\link.13964-rc.write.1.tlog
C:\Users\administrator\Desktop\AutoPoseTriming\PoseEstimator\x64\Debug\link.13964.read.1.tlog
C:\Users\administrator\Desktop\AutoPoseTriming\PoseEstimator\x64\Debug\link.13964.write.1.tlog
C:\Users\administrator\Desktop\AutoPoseTriming\PoseEstimator\x64\Debug\link.14836-cvtres.read.1.tlog
C:\Users\administrator\Desktop\AutoPoseTriming\PoseEstimator\x64\Debug\link.14836-cvtres.write.1.tlog
C:\Users\administrator\Desktop\AutoPoseTriming\PoseEstimator\x64\Debug\link.14836-rc.read.1.tlog
C:\Users\administrator\Desktop\AutoPoseTriming\PoseEstimator\x64\Debug\link.14836-rc.write.1.tlog
C:\Users\administrator\Desktop\AutoPoseTriming\PoseEstimator\x64\Debug\link.14836.read.1.tlog
C:\Users\administrator\Desktop\AutoPoseTriming\PoseEstimator\x64\Debug\link.14836.write.1.tlog
C:\Users\administrator\Desktop\AutoPoseTriming\PoseEstimator\x64\Debug\link.15160-cvtres.read.1.tlog
C:\Users\administrator\Desktop\AutoPoseTriming\PoseEstimator\x64\Debug\link.15160-cvtres.write.1.tlog
C:\Users\administrator\Desktop\AutoPoseTriming\PoseEstimator\x64\Debug\link.15160-rc.read.1.tlog
C:\Users\administrator\Desktop\AutoPoseTriming\PoseEstimator\x64\Debug\link.15160-rc.write.1.tlog
C:\Users\administrator\Desktop\AutoPoseTriming\PoseEstimator\x64\Debug\link.15160.read.1.tlog
C:\Users\administrator\Desktop\AutoPoseTriming\PoseEstimator\x64\Debug\link.15160.write.1.tlog
C:\Users\administrator\Desktop\AutoPoseTriming\PoseEstimator\x64\Debug\link.16424-cvtres.read.1.tlog
C:\Users\administrator\Desktop\AutoPoseTriming\PoseEstimator\x64\Debug\link.16424-cvtres.write.1.tlog
C:\Users\administrator\Desktop\AutoPoseTriming\PoseEstimator\x64\Debug\link.16424-rc.read.1.tlog
C:\Users\administrator\Desktop\AutoPoseTriming\PoseEstimator\x64\Debug\link.16424-rc.write.1.tlog
C:\Users\administrator\Desktop\AutoPoseTriming\PoseEstimator\x64\Debug\link.16424.read.1.tlog
C:\Users\administrator\Desktop\AutoPoseTriming\PoseEstimator\x64\Debug\link.16424.write.1.tlog
C:\Users\administrator\Desktop\AutoPoseTriming\PoseEstimator\x64\Debug\link.16672-cvtres.read.1.tlog
C:\Users\administrator\Desktop\AutoPoseTriming\PoseEstimator\x64\Debug\link.16672-cvtres.write.1.tlog
C:\Users\administrator\Desktop\AutoPoseTriming\PoseEstimator\x64\Debug\link.16672-rc.read.1.tlog
C:\Users\administrator\Desktop\AutoPoseTriming\PoseEstimator\x64\Debug\link.16672-rc.write.1.tlog
C:\Users\administrator\Desktop\AutoPoseTriming\PoseEstimator\x64\Debug\link.16672.read.1.tlog
C:\Users\administrator\Desktop\AutoPoseTriming\PoseEstimator\x64\Debug\link.16672.write.1.tlog
C:\Users\administrator\Desktop\AutoPoseTriming\PoseEstimator\x64\Debug\link.17196-cvtres.read.1.tlog
C:\Users\administrator\Desktop\AutoPoseTriming\PoseEstimator\x64\Debug\link.17196-cvtres.write.1.tlog
C:\Users\administrator\Desktop\AutoPoseTriming\PoseEstimator\x64\Debug\link.17196-rc.read.1.tlog
C:\Users\administrator\Desktop\AutoPoseTriming\PoseEstimator\x64\Debug\link.17196-rc.write.1.tlog
C:\Users\administrator\Desktop\AutoPoseTriming\PoseEstimator\x64\Debug\link.17196.read.1.tlog
C:\Users\administrator\Desktop\AutoPoseTriming\PoseEstimator\x64\Debug\link.17196.write.1.tlog
C:\Users\administrator\Desktop\AutoPoseTriming\PoseEstimator\x64\Debug\link.18308-cvtres.read.1.tlog
C:\Users\administrator\Desktop\AutoPoseTriming\PoseEstimator\x64\Debug\link.18308-cvtres.write.1.tlog
C:\Users\administrator\Desktop\AutoPoseTriming\PoseEstimator\x64\Debug\link.18308-rc.read.1.tlog
C:\Users\administrator\Desktop\AutoPoseTriming\PoseEstimator\x64\Debug\link.18308-rc.write.1.tlog
C:\Users\administrator\Desktop\AutoPoseTriming\PoseEstimator\x64\Debug\link.18308.read.1.tlog
C:\Users\administrator\Desktop\AutoPoseTriming\PoseEstimator\x64\Debug\link.18308.write.1.tlog
C:\Users\administrator\Desktop\AutoPoseTriming\PoseEstimator\x64\Debug\link.19144-cvtres.read.1.tlog
C:\Users\administrator\Desktop\AutoPoseTriming\PoseEstimator\x64\Debug\link.19144-cvtres.write.1.tlog
C:\Users\administrator\Desktop\AutoPoseTriming\PoseEstimator\x64\Debug\link.19144-rc.read.1.tlog
C:\Users\administrator\Desktop\AutoPoseTriming\PoseEstimator\x64\Debug\link.19144-rc.write.1.tlog
C:\Users\administrator\Desktop\AutoPoseTriming\PoseEstimator\x64\Debug\link.19144.read.1.tlog
C:\Users\administrator\Desktop\AutoPoseTriming\PoseEstimator\x64\Debug\link.19144.write.1.tlog
C:\Users\administrator\Desktop\AutoPoseTriming\PoseEstimator\x64\Debug\link.19696-cvtres.read.1.tlog
C:\Users\administrator\Desktop\AutoPoseTriming\PoseEstimator\x64\Debug\link.19696-cvtres.write.1.tlog
C:\Users\administrator\Desktop\AutoPoseTriming\PoseEstimator\x64\Debug\link.19696-rc.read.1.tlog
C:\Users\administrator\Desktop\AutoPoseTriming\PoseEstimator\x64\Debug\link.19696-rc.write.1.tlog
C:\Users\administrator\Desktop\AutoPoseTriming\PoseEstimator\x64\Debug\link.19696.read.1.tlog
C:\Users\administrator\Desktop\AutoPoseTriming\PoseEstimator\x64\Debug\link.19696.write.1.tlog
C:\Users\administrator\Desktop\AutoPoseTriming\PoseEstimator\x64\Debug\link.20052-cvtres.read.1.tlog
C:\Users\administrator\Desktop\AutoPoseTriming\PoseEstimator\x64\Debug\link.20052-cvtres.write.1.tlog
C:\Users\administrator\Desktop\AutoPoseTriming\PoseEstimator\x64\Debug\link.20052-rc.read.1.tlog
C:\Users\administrator\Desktop\AutoPoseTriming\PoseEstimator\x64\Debug\link.20052-rc.write.1.tlog
C:\Users\administrator\Desktop\AutoPoseTriming\PoseEstimator\x64\Debug\link.20052.read.1.tlog
C:\Users\administrator\Desktop\AutoPoseTriming\PoseEstimator\x64\Debug\link.20052.write.1.tlog
C:\Users\administrator\Desktop\AutoPoseTriming\PoseEstimator\x64\Debug\link.20880-cvtres.read.1.tlog
C:\Users\administrator\Desktop\AutoPoseTriming\PoseEstimator\x64\Debug\link.20880-cvtres.write.1.tlog
C:\Users\administrator\Desktop\AutoPoseTriming\PoseEstimator\x64\Debug\link.20880-rc.read.1.tlog
C:\Users\administrator\Desktop\AutoPoseTriming\PoseEstimator\x64\Debug\link.20880-rc.write.1.tlog
C:\Users\administrator\Desktop\AutoPoseTriming\PoseEstimator\x64\Debug\link.20880.read.1.tlog
C:\Users\administrator\Desktop\AutoPoseTriming\PoseEstimator\x64\Debug\link.20880.write.1.tlog
C:\Users\administrator\Desktop\AutoPoseTriming\PoseEstimator\x64\Debug\link.22512-cvtres.read.1.tlog
C:\Users\administrator\Desktop\AutoPoseTriming\PoseEstimator\x64\Debug\link.22512-cvtres.write.1.tlog
C:\Users\administrator\Desktop\AutoPoseTriming\PoseEstimator\x64\Debug\link.22512-rc.read.1.tlog
C:\Users\administrator\Desktop\AutoPoseTriming\PoseEstimator\x64\Debug\link.22512-rc.write.1.tlog
C:\Users\administrator\Desktop\AutoPoseTriming\PoseEstimator\x64\Debug\link.22512.read.1.tlog
C:\Users\administrator\Desktop\AutoPoseTriming\PoseEstimator\x64\Debug\link.22512.write.1.tlog
C:\Users\administrator\Desktop\AutoPoseTriming\PoseEstimator\x64\Debug\link.22796-cvtres.read.1.tlog
C:\Users\administrator\Desktop\AutoPoseTriming\PoseEstimator\x64\Debug\link.22796-cvtres.write.1.tlog
C:\Users\administrator\Desktop\AutoPoseTriming\PoseEstimator\x64\Debug\link.22796-rc.read.1.tlog
C:\Users\administrator\Desktop\AutoPoseTriming\PoseEstimator\x64\Debug\link.22796-rc.write.1.tlog
C:\Users\administrator\Desktop\AutoPoseTriming\PoseEstimator\x64\Debug\link.22796.read.1.tlog
C:\Users\administrator\Desktop\AutoPoseTriming\PoseEstimator\x64\Debug\link.22796.write.1.tlog
C:\Users\administrator\Desktop\AutoPoseTriming\PoseEstimator\x64\Debug\link.24324-cvtres.read.1.tlog
C:\Users\administrator\Desktop\AutoPoseTriming\PoseEstimator\x64\Debug\link.24324-cvtres.write.1.tlog
C:\Users\administrator\Desktop\AutoPoseTriming\PoseEstimator\x64\Debug\link.24324-rc.read.1.tlog
C:\Users\administrator\Desktop\AutoPoseTriming\PoseEstimator\x64\Debug\link.24324-rc.write.1.tlog
C:\Users\administrator\Desktop\AutoPoseTriming\PoseEstimator\x64\Debug\link.24324.read.1.tlog
C:\Users\administrator\Desktop\AutoPoseTriming\PoseEstimator\x64\Debug\link.24324.write.1.tlog
C:\Users\administrator\Desktop\AutoPoseTriming\PoseEstimator\x64\Debug\link.25672-cvtres.read.1.tlog
C:\Users\administrator\Desktop\AutoPoseTriming\PoseEstimator\x64\Debug\link.25672-cvtres.write.1.tlog
C:\Users\administrator\Desktop\AutoPoseTriming\PoseEstimator\x64\Debug\link.25672-rc.read.1.tlog
C:\Users\administrator\Desktop\AutoPoseTriming\PoseEstimator\x64\Debug\link.25672-rc.write.1.tlog
C:\Users\administrator\Desktop\AutoPoseTriming\PoseEstimator\x64\Debug\link.25672.read.1.tlog
C:\Users\administrator\Desktop\AutoPoseTriming\PoseEstimator\x64\Debug\link.25672.write.1.tlog
C:\Users\administrator\Desktop\AutoPoseTriming\PoseEstimator\x64\Debug\link.25728-cvtres.read.1.tlog
C:\Users\administrator\Desktop\AutoPoseTriming\PoseEstimator\x64\Debug\link.25728-cvtres.write.1.tlog
C:\Users\administrator\Desktop\AutoPoseTriming\PoseEstimator\x64\Debug\link.25728-rc.read.1.tlog
C:\Users\administrator\Desktop\AutoPoseTriming\PoseEstimator\x64\Debug\link.25728-rc.write.1.tlog
C:\Users\administrator\Desktop\AutoPoseTriming\PoseEstimator\x64\Debug\link.25728.read.1.tlog
C:\Users\administrator\Desktop\AutoPoseTriming\PoseEstimator\x64\Debug\link.25728.write.1.tlog
C:\Users\administrator\Desktop\AutoPoseTriming\PoseEstimator\x64\Debug\link.25804-cvtres.read.1.tlog
C:\Users\administrator\Desktop\AutoPoseTriming\PoseEstimator\x64\Debug\link.25804-cvtres.write.1.tlog
C:\Users\administrator\Desktop\AutoPoseTriming\PoseEstimator\x64\Debug\link.25804-rc.read.1.tlog
C:\Users\administrator\Desktop\AutoPoseTriming\PoseEstimator\x64\Debug\link.25804-rc.write.1.tlog
C:\Users\administrator\Desktop\AutoPoseTriming\PoseEstimator\x64\Debug\link.25804.read.1.tlog
C:\Users\administrator\Desktop\AutoPoseTriming\PoseEstimator\x64\Debug\link.25804.write.1.tlog
C:\Users\administrator\Desktop\AutoPoseTriming\PoseEstimator\x64\Debug\link.25856-cvtres.read.1.tlog
C:\Users\administrator\Desktop\AutoPoseTriming\PoseEstimator\x64\Debug\link.25856-cvtres.write.1.tlog
C:\Users\administrator\Desktop\AutoPoseTriming\PoseEstimator\x64\Debug\link.25856-rc.read.1.tlog
C:\Users\administrator\Desktop\AutoPoseTriming\PoseEstimator\x64\Debug\link.25856-rc.write.1.tlog
C:\Users\administrator\Desktop\AutoPoseTriming\PoseEstimator\x64\Debug\link.25856.read.1.tlog
C:\Users\administrator\Desktop\AutoPoseTriming\PoseEstimator\x64\Debug\link.25856.write.1.tlog
C:\Users\administrator\Desktop\AutoPoseTriming\PoseEstimator\x64\Debug\link.3144-cvtres.read.1.tlog
C:\Users\administrator\Desktop\AutoPoseTriming\PoseEstimator\x64\Debug\link.3144-cvtres.write.1.tlog
C:\Users\administrator\Desktop\AutoPoseTriming\PoseEstimator\x64\Debug\link.3144-rc.read.1.tlog
C:\Users\administrator\Desktop\AutoPoseTriming\PoseEstimator\x64\Debug\link.3144-rc.write.1.tlog
C:\Users\administrator\Desktop\AutoPoseTriming\PoseEstimator\x64\Debug\link.3144.read.1.tlog
C:\Users\administrator\Desktop\AutoPoseTriming\PoseEstimator\x64\Debug\link.3144.write.1.tlog
C:\Users\administrator\Desktop\AutoPoseTriming\PoseEstimator\x64\Debug\link.4084-cvtres.read.1.tlog
C:\Users\administrator\Desktop\AutoPoseTriming\PoseEstimator\x64\Debug\link.4084-cvtres.write.1.tlog
C:\Users\administrator\Desktop\AutoPoseTriming\PoseEstimator\x64\Debug\link.4084-rc.read.1.tlog
C:\Users\administrator\Desktop\AutoPoseTriming\PoseEstimator\x64\Debug\link.4084-rc.write.1.tlog
C:\Users\administrator\Desktop\AutoPoseTriming\PoseEstimator\x64\Debug\link.4084.read.1.tlog
C:\Users\administrator\Desktop\AutoPoseTriming\PoseEstimator\x64\Debug\link.4084.write.1.tlog
C:\Users\administrator\Desktop\AutoPoseTriming\PoseEstimator\x64\Debug\link.4440-cvtres.read.1.tlog
C:\Users\administrator\Desktop\AutoPoseTriming\PoseEstimator\x64\Debug\link.4440-cvtres.write.1.tlog
C:\Users\administrator\Desktop\AutoPoseTriming\PoseEstimator\x64\Debug\link.4440-rc.read.1.tlog
C:\Users\administrator\Desktop\AutoPoseTriming\PoseEstimator\x64\Debug\link.4440-rc.write.1.tlog
C:\Users\administrator\Desktop\AutoPoseTriming\PoseEstimator\x64\Debug\link.4440.read.1.tlog
C:\Users\administrator\Desktop\AutoPoseTriming\PoseEstimator\x64\Debug\link.4440.write.1.tlog
C:\Users\administrator\Desktop\AutoPoseTriming\PoseEstimator\x64\Debug\link.7972-cvtres.read.1.tlog
C:\Users\administrator\Desktop\AutoPoseTriming\PoseEstimator\x64\Debug\link.7972-cvtres.write.1.tlog
C:\Users\administrator\Desktop\AutoPoseTriming\PoseEstimator\x64\Debug\link.7972-rc.read.1.tlog
C:\Users\administrator\Desktop\AutoPoseTriming\PoseEstimator\x64\Debug\link.7972-rc.write.1.tlog
C:\Users\administrator\Desktop\AutoPoseTriming\PoseEstimator\x64\Debug\link.7972.read.1.tlog
C:\Users\administrator\Desktop\AutoPoseTriming\PoseEstimator\x64\Debug\link.7972.write.1.tlog
C:\Users\administrator\Desktop\AutoPoseTriming\PoseEstimator\x64\Debug\link.9364-cvtres.read.1.tlog
C:\Users\administrator\Desktop\AutoPoseTriming\PoseEstimator\x64\Debug\link.9364-cvtres.write.1.tlog
C:\Users\administrator\Desktop\AutoPoseTriming\PoseEstimator\x64\Debug\link.9364-rc.read.1.tlog
C:\Users\administrator\Desktop\AutoPoseTriming\PoseEstimator\x64\Debug\link.9364-rc.write.1.tlog
C:\Users\administrator\Desktop\AutoPoseTriming\PoseEstimator\x64\Debug\link.9364.read.1.tlog
C:\Users\administrator\Desktop\AutoPoseTriming\PoseEstimator\x64\Debug\link.9364.write.1.tlog
C:\Users\administrator\Desktop\AutoPoseTriming\PoseEstimator\x64\Debug\link.9920-cvtres.read.1.tlog
C:\Users\administrator\Desktop\AutoPoseTriming\PoseEstimator\x64\Debug\link.9920-cvtres.write.1.tlog
C:\Users\administrator\Desktop\AutoPoseTriming\PoseEstimator\x64\Debug\link.9920-rc.read.1.tlog
C:\Users\administrator\Desktop\AutoPoseTriming\PoseEstimator\x64\Debug\link.9920-rc.write.1.tlog
C:\Users\administrator\Desktop\AutoPoseTriming\PoseEstimator\x64\Debug\link.9920.read.1.tlog
C:\Users\administrator\Desktop\AutoPoseTriming\PoseEstimator\x64\Debug\link.9920.write.1.tlog
C:\Users\administrator\Desktop\AutoPoseTriming\PoseEstimator\x64\Debug\link.command.1.tlog
C:\Users\administrator\Desktop\AutoPoseTriming\PoseEstimator\x64\Debug\link.read.1.tlog
C:\Users\administrator\Desktop\AutoPoseTriming\PoseEstimator\x64\Debug\link.write.1.tlog
C:\Users\administrator\Desktop\AutoPoseTriming\PoseEstimator\x64\Debug\vc110.idb
C:\Users\administrator\Desktop\AutoPoseTriming\PoseEstimator\x64\Debug\vc110.pdb
C:\Users\administrator\Desktop\AutoPoseTriming\x64\Debug\PoseEstimator.pdb
C:\Users\administrator\Desktop\AutoPoseTriming\x64\Debug\PoseEstimator.exe
C:\Users\administrator\Desktop\AutoPoseTriming\x64\Debug\PoseEstimator.ilk
