C:\USERS\ADMINISTRATOR\DESKTOP\OPENPOSECONNECTOR\OPENPOSECONNECTOR\X64\DEBUG\MAIN.OBJ
C:\USERS\ADMINISTRATOR\DESKTOP\OPENPOSECONNECTOR\OPENPOSECONNECTOR\X64\DEBUG\VC110.PDB
C:\USERS\ADMINISTRATOR\DESKTOP\OPENPOSECONNECTOR\X64\DEBUG\OPENPOSECONNECTOR.ILK
C:\USERS\ADMINISTRATOR\DESKTOP\OPENPOSECONNECTOR\X64\DEBUG\OPENPOSECONNECTOR.EXE
C:\USERS\ADMINISTRATOR\DESKTOP\OPENPOSECONNECTOR\X64\DEBUG\OPENPOSECONNECTOR.PDB
C:\Users\administrator\Desktop\OpenposeConnector\OpenposeConnector\x64\Debug\main.obj
C:\Users\administrator\Desktop\OpenposeConnector\OpenposeConnector\x64\Debug\cl.command.1.tlog
C:\Users\administrator\Desktop\OpenposeConnector\OpenposeConnector\x64\Debug\CL.read.1.tlog
C:\Users\administrator\Desktop\OpenposeConnector\OpenposeConnector\x64\Debug\CL.write.1.tlog
C:\Users\administrator\Desktop\OpenposeConnector\OpenposeConnector\x64\Debug\link-cvtres.read.1.tlog
C:\Users\administrator\Desktop\OpenposeConnector\OpenposeConnector\x64\Debug\link-cvtres.write.1.tlog
C:\Users\administrator\Desktop\OpenposeConnector\OpenposeConnector\x64\Debug\link-rc.read.1.tlog
C:\Users\administrator\Desktop\OpenposeConnector\OpenposeConnector\x64\Debug\link-rc.write.1.tlog
C:\Users\administrator\Desktop\OpenposeConnector\OpenposeConnector\x64\Debug\link.17156-cvtres.read.1.tlog
C:\Users\administrator\Desktop\OpenposeConnector\OpenposeConnector\x64\Debug\link.17156-cvtres.write.1.tlog
C:\Users\administrator\Desktop\OpenposeConnector\OpenposeConnector\x64\Debug\link.17156-rc.read.1.tlog
C:\Users\administrator\Desktop\OpenposeConnector\OpenposeConnector\x64\Debug\link.17156-rc.write.1.tlog
C:\Users\administrator\Desktop\OpenposeConnector\OpenposeConnector\x64\Debug\link.17156.read.1.tlog
C:\Users\administrator\Desktop\OpenposeConnector\OpenposeConnector\x64\Debug\link.17156.write.1.tlog
C:\Users\administrator\Desktop\OpenposeConnector\OpenposeConnector\x64\Debug\link.17968-cvtres.read.1.tlog
C:\Users\administrator\Desktop\OpenposeConnector\OpenposeConnector\x64\Debug\link.17968-cvtres.write.1.tlog
C:\Users\administrator\Desktop\OpenposeConnector\OpenposeConnector\x64\Debug\link.17968-rc.read.1.tlog
C:\Users\administrator\Desktop\OpenposeConnector\OpenposeConnector\x64\Debug\link.17968-rc.write.1.tlog
C:\Users\administrator\Desktop\OpenposeConnector\OpenposeConnector\x64\Debug\link.17968.read.1.tlog
C:\Users\administrator\Desktop\OpenposeConnector\OpenposeConnector\x64\Debug\link.17968.write.1.tlog
C:\Users\administrator\Desktop\OpenposeConnector\OpenposeConnector\x64\Debug\link.4008-cvtres.read.1.tlog
C:\Users\administrator\Desktop\OpenposeConnector\OpenposeConnector\x64\Debug\link.4008-cvtres.write.1.tlog
C:\Users\administrator\Desktop\OpenposeConnector\OpenposeConnector\x64\Debug\link.4008-rc.read.1.tlog
C:\Users\administrator\Desktop\OpenposeConnector\OpenposeConnector\x64\Debug\link.4008-rc.write.1.tlog
C:\Users\administrator\Desktop\OpenposeConnector\OpenposeConnector\x64\Debug\link.4008.read.1.tlog
C:\Users\administrator\Desktop\OpenposeConnector\OpenposeConnector\x64\Debug\link.4008.write.1.tlog
C:\Users\administrator\Desktop\OpenposeConnector\OpenposeConnector\x64\Debug\link.command.1.tlog
C:\Users\administrator\Desktop\OpenposeConnector\OpenposeConnector\x64\Debug\link.read.1.tlog
C:\Users\administrator\Desktop\OpenposeConnector\OpenposeConnector\x64\Debug\link.write.1.tlog
C:\Users\administrator\Desktop\OpenposeConnector\OpenposeConnector\x64\Debug\vc110.idb
C:\Users\administrator\Desktop\OpenposeConnector\OpenposeConnector\x64\Debug\vc110.pdb
C:\Users\administrator\Desktop\OpenposeConnector\x64\Debug\OpenposeConnector.pdb
C:\Users\administrator\Desktop\OpenposeConnector\x64\Debug\OpenposeConnector.exe
C:\Users\administrator\Desktop\OpenposeConnector\x64\Debug\OpenposeConnector.ilk
